<?xml version="1.0" encoding="UTF-8"?>
<!-- Generated by org.testng.reporters.JUnitXMLReporter -->
<testsuite hostname="w125DennyWTest" name="Command line test" tests="29" failures="3" timestamp="14 Aug 2014 13:36:05 GMT" time="2.558" errors="0">
  <testcase name="testCountCharacters" time="0.098" classname="com.summerclass.integrationtest.AjaxTest"/>
  <testcase name="testGetEmployees" time="0.271" classname="com.summerclass.integrationtest.AjaxTest"/>
  <testcase name="testLogin" time="0.009" classname="com.summerclass.integrationtest.AjaxTest"/>
  <testcase name="testMeaningOfLife" time="0.002" classname="com.summerclass.integrationtest.AjaxTest"/>
  <testcase name="testReverse" time="0.001" classname="com.summerclass.integrationtest.AjaxTest"/>
  <testcase name="getClubIdFailure" time="0.068" classname="com.summerclass.integrationtest.ClubTest"/>
  <testcase name="testGetClub" time="0.007" classname="com.summerclass.integrationtest.ClubTest"/>
  <testcase name="testGetClubNumbers" time="0.006" classname="com.summerclass.integrationtest.ClubTest"/>
  <testcase name="testGetClubSafe" time="0.009" classname="com.summerclass.integrationtest.ClubTest"/>
  <testcase name="testGetClubs" time="0.003" classname="com.summerclass.integrationtest.ClubTest"/>
  <testcase name="testGetCount" time="0.002" classname="com.summerclass.integrationtest.ClubTest"/>
  <testcase name="testGetIdAndNumber" time="0.003" classname="com.summerclass.integrationtest.ClubTest"/>
  <testcase name="testGetIds" time="0.004" classname="com.summerclass.integrationtest.ClubTest"/>
  <testcase name="testGetName" time="0.008" classname="com.summerclass.integrationtest.ClubTest"/>
  <testcase name="testGetNameSafe" time="0.008" classname="com.summerclass.integrationtest.ClubTest"/>
  <testcase name="testAddEmployee" time="0.002" classname="com.summerclass.integrationtest.ControllerTest">
    <failure type="java.lang.AssertionError" message="Status expected:&amp;lt;200&amp;gt; but was:&amp;lt;302&amp;gt;">
      <![CDATA[java.lang.AssertionError: Status expected:<200> but was:<302>
	at org.springframework.test.util.AssertionErrors.fail(AssertionErrors.java:60)
	at org.springframework.test.util.AssertionErrors.assertEquals(AssertionErrors.java:89)
	at org.springframework.test.web.servlet.result.StatusResultMatchers$5.match(StatusResultMatchers.java:549)
	at org.springframework.test.web.servlet.MockMvc.applyDefaultResultActions(MockMvc.java:159)
	at org.springframework.test.web.servlet.MockMvc.perform(MockMvc.java:136)
	at com.summerclass.integrationtest.ControllerTest.verifyControllerResult1(ControllerTest.java:115)
	at com.summerclass.integrationtest.ControllerTest.verifyControllerResult(ControllerTest.java:79)
	at com.summerclass.integrationtest.ControllerTest.testAddEmployee(ControllerTest.java:70)
	at org.springframework.test.context.testng.AbstractTestNGSpringContextTests.run(AbstractTestNGSpringContextTests.java:155)
	at org.apache.maven.surefire.testng.TestNGExecutor.run(TestNGExecutor.java:70)
	at org.apache.maven.surefire.testng.TestNGDirectoryTestSuite.executeMulti(TestNGDirectoryTestSuite.java:158)
	at org.apache.maven.surefire.testng.TestNGDirectoryTestSuite.execute(TestNGDirectoryTestSuite.java:98)
	at org.apache.maven.surefire.testng.TestNGProvider.invoke(TestNGProvider.java:111)
	at org.apache.maven.surefire.util.ReflectionUtils.invokeMethodWithArray(ReflectionUtils.java:164)
	at org.apache.maven.surefire.booter.ProviderFactory$ProviderProxy.invoke(ProviderFactory.java:110)
	at org.apache.maven.surefire.booter.SurefireStarter.invokeProvider(SurefireStarter.java:175)
	at org.apache.maven.surefire.booter.SurefireStarter.runSuitesInProcessWhenForked(SurefireStarter.java:107)
	at org.apache.maven.surefire.booter.ForkedBooter.main(ForkedBooter.java:68)
... Removed 31 stack frames]]>
    </failure>
  </testcase>
  <testcase name="testAddEventType" time="0.002" classname="com.summerclass.integrationtest.ControllerTest">
    <failure type="java.lang.AssertionError" message="Status expected:&amp;lt;200&amp;gt; but was:&amp;lt;302&amp;gt;">
      <![CDATA[java.lang.AssertionError: Status expected:<200> but was:<302>
	at org.springframework.test.util.AssertionErrors.fail(AssertionErrors.java:60)
	at org.springframework.test.util.AssertionErrors.assertEquals(AssertionErrors.java:89)
	at org.springframework.test.web.servlet.result.StatusResultMatchers$5.match(StatusResultMatchers.java:549)
	at org.springframework.test.web.servlet.MockMvc.applyDefaultResultActions(MockMvc.java:159)
	at org.springframework.test.web.servlet.MockMvc.perform(MockMvc.java:136)
	at com.summerclass.integrationtest.ControllerTest.verifyControllerResult1(ControllerTest.java:115)
	at com.summerclass.integrationtest.ControllerTest.verifyControllerResult(ControllerTest.java:79)
	at com.summerclass.integrationtest.ControllerTest.testAddEventType(ControllerTest.java:56)
	at org.springframework.test.context.testng.AbstractTestNGSpringContextTests.run(AbstractTestNGSpringContextTests.java:155)
	at org.apache.maven.surefire.testng.TestNGExecutor.run(TestNGExecutor.java:70)
	at org.apache.maven.surefire.testng.TestNGDirectoryTestSuite.executeMulti(TestNGDirectoryTestSuite.java:158)
	at org.apache.maven.surefire.testng.TestNGDirectoryTestSuite.execute(TestNGDirectoryTestSuite.java:98)
	at org.apache.maven.surefire.testng.TestNGProvider.invoke(TestNGProvider.java:111)
	at org.apache.maven.surefire.util.ReflectionUtils.invokeMethodWithArray(ReflectionUtils.java:164)
	at org.apache.maven.surefire.booter.ProviderFactory$ProviderProxy.invoke(ProviderFactory.java:110)
	at org.apache.maven.surefire.booter.SurefireStarter.invokeProvider(SurefireStarter.java:175)
	at org.apache.maven.surefire.booter.SurefireStarter.runSuitesInProcessWhenForked(SurefireStarter.java:107)
	at org.apache.maven.surefire.booter.ForkedBooter.main(ForkedBooter.java:68)
... Removed 30 stack frames]]>
    </failure>
  </testcase>
  <testcase name="testAddEventTypeNoName" time="0.001" classname="com.summerclass.integrationtest.ControllerTest">
    <failure type="java.lang.AssertionError" message="Status expected:&amp;lt;200&amp;gt; but was:&amp;lt;302&amp;gt;">
      <![CDATA[java.lang.AssertionError: Status expected:<200> but was:<302>
	at org.springframework.test.util.AssertionErrors.fail(AssertionErrors.java:60)
	at org.springframework.test.util.AssertionErrors.assertEquals(AssertionErrors.java:89)
	at org.springframework.test.web.servlet.result.StatusResultMatchers$5.match(StatusResultMatchers.java:549)
	at org.springframework.test.web.servlet.MockMvc.applyDefaultResultActions(MockMvc.java:159)
	at org.springframework.test.web.servlet.MockMvc.perform(MockMvc.java:136)
	at com.summerclass.integrationtest.ControllerTest.verifyControllerResult1(ControllerTest.java:115)
	at com.summerclass.integrationtest.ControllerTest.verifyControllerResult(ControllerTest.java:79)
	at com.summerclass.integrationtest.ControllerTest.testAddEventTypeNoName(ControllerTest.java:44)
	at org.springframework.test.context.testng.AbstractTestNGSpringContextTests.run(AbstractTestNGSpringContextTests.java:155)
	at org.apache.maven.surefire.testng.TestNGExecutor.run(TestNGExecutor.java:70)
	at org.apache.maven.surefire.testng.TestNGDirectoryTestSuite.executeMulti(TestNGDirectoryTestSuite.java:158)
	at org.apache.maven.surefire.testng.TestNGDirectoryTestSuite.execute(TestNGDirectoryTestSuite.java:98)
	at org.apache.maven.surefire.testng.TestNGProvider.invoke(TestNGProvider.java:111)
	at org.apache.maven.surefire.util.ReflectionUtils.invokeMethodWithArray(ReflectionUtils.java:164)
	at org.apache.maven.surefire.booter.ProviderFactory$ProviderProxy.invoke(ProviderFactory.java:110)
	at org.apache.maven.surefire.booter.SurefireStarter.invokeProvider(SurefireStarter.java:175)
	at org.apache.maven.surefire.booter.SurefireStarter.runSuitesInProcessWhenForked(SurefireStarter.java:107)
	at org.apache.maven.surefire.booter.ForkedBooter.main(ForkedBooter.java:68)
... Removed 30 stack frames]]>
    </failure>
  </testcase>
  <testcase name="testCreateEvents" time="0.568" classname="com.summerclass.integrationtest.EventTest"/>
  <testcase name="testDeleteEmployeeEvents" time="0.107" classname="com.summerclass.integrationtest.EventTest"/>
  <testcase name="testDeleteEvents" time="0.064" classname="com.summerclass.integrationtest.EventTest"/>
  <testcase name="testGetAll" time="0.021" classname="com.summerclass.integrationtest.EventTest"/>
  <testcase name="testGetEvent" time="0.011" classname="com.summerclass.integrationtest.EventTest"/>
  <testcase name="testGetRandomEventByStatus" time="0.014" classname="com.summerclass.integrationtest.EventTest"/>
  <testcase name="testGetRandomEventId" time="0.004" classname="com.summerclass.integrationtest.EventTest"/>
  <testcase name="testUpdateStatus" time="0.07" classname="com.summerclass.integrationtest.EventTest"/>
  <testcase name="testAssertions" time="0.001" classname="com.summerclass.integrationtest.StringSupportTest"/>
  <testcase name="testNegativeGuid" time="0.0" classname="com.summerclass.integrationtest.StringSupportTest"/>
  <testcase name="testPositiveGuid" time="0.0" classname="com.summerclass.integrationtest.StringSupportTest"/>
</testsuite>
